@!@!@STARTMSG 2262:0 @!@!@
TLC2 Version 2.05 of 24 October 2012
@!@!@ENDMSG 2262 @!@!@
@!@!@STARTMSG 2187:0 @!@!@
Running in Model-Checking mode.
@!@!@ENDMSG 2187 @!@!@
@!@!@STARTMSG 2220:0 @!@!@
Starting SANY...
@!@!@ENDMSG 2220 @!@!@
Parsing file MC.tla
Parsing file exp.tla
Parsing file /Users/gowtham/git/tla-tools/toolbox/plugins/org.lamport.tlatools_1.0.0.201302251534/tla2sany/StandardModules/TLC.tla
Parsing file /Users/gowtham/git/tla-tools/toolbox/plugins/org.lamport.tlatools_1.0.0.201302251534/tla2sany/StandardModules/Naturals.tla
Parsing file /Users/gowtham/git/tla-tools/toolbox/plugins/org.lamport.tlatools_1.0.0.201302251534/tla2sany/StandardModules/Sequences.tla
Semantic processing of module Naturals
Semantic processing of module Sequences
Semantic processing of module TLC
Semantic processing of module exp
Semantic processing of module MC
@!@!@STARTMSG 2219:0 @!@!@
SANY finished.
@!@!@ENDMSG 2219 @!@!@
@!@!@STARTMSG 2185:0 @!@!@
Starting... (2014-04-21 00:08:28)
@!@!@ENDMSG 2185 @!@!@
@!@!@STARTMSG 2189:0 @!@!@
Computing initial states...
@!@!@ENDMSG 2189 @!@!@
@!@!@STARTMSG 2190:0 @!@!@
Finished computing initial states: 1 distinct state generated.
@!@!@ENDMSG 2190 @!@!@
@!@!@STARTMSG 1000:1 @!@!@
TLC threw an unexpected exception.
This was probably caused by an error in the spec or model.
See the User Output or TLC Console for clues to what happened.
The exception was a java.lang.RuntimeException: In evaluation, the identifier f is either undefined or not an operator.
line 13, col 14 to line 13, col 14 of module Exp
@!@!@ENDMSG 1000 @!@!@
@!@!@STARTMSG 2121:1 @!@!@
The behavior up to this point is:
@!@!@ENDMSG 2121 @!@!@
@!@!@STARTMSG 2217:4 @!@!@
1: <Initial predicate>
f = [a |-> 1, b |-> 2, c |-> 3]

@!@!@ENDMSG 2217 @!@!@
@!@!@STARTMSG 2103:1 @!@!@
The error occurred when TLC was evaluating the nested
expressions at the following positions:
0. Line 13, column 10 to line 13, column 20 in Exp
1. Line 11, column 11 to line 11, column 11 in Exp
2. Line 13, column 14 to line 13, column 19 in Exp
3. Line 13, column 14 to line 13, column 14 in Exp


@!@!@ENDMSG 2103 @!@!@
@!@!@STARTMSG 2201:0 @!@!@
The coverage statistics at 2014-04-21 00:08:29
@!@!@ENDMSG 2201 @!@!@
@!@!@STARTMSG 2221:0 @!@!@
  line 14, col 20 to line 14, col 20 of module Exp: 0
@!@!@ENDMSG 2221 @!@!@
@!@!@STARTMSG 2202:0 @!@!@
End of statistics.
@!@!@ENDMSG 2202 @!@!@
@!@!@STARTMSG 2200:0 @!@!@
Progress(1) at 2014-04-21 00:08:29: 1 states generated (789 s/min), 1 distinct states found (789 ds/min), 0 states left on queue.
@!@!@ENDMSG 2200 @!@!@
@!@!@STARTMSG 2199:0 @!@!@
1 states generated, 1 distinct states found, 0 states left on queue.
@!@!@ENDMSG 2199 @!@!@
@!@!@STARTMSG 2194:0 @!@!@
The depth of the complete state graph search is 1.
@!@!@ENDMSG 2194 @!@!@
@!@!@STARTMSG 2186:0 @!@!@
Finished. (2014-04-21 00:08:29)
@!@!@ENDMSG 2186 @!@!@
