@!@!@STARTMSG 2262:0 @!@!@
TLC2 Version 2.05 of 24 October 2012
@!@!@ENDMSG 2262 @!@!@
@!@!@STARTMSG 2187:0 @!@!@
Running in Model-Checking mode.
@!@!@ENDMSG 2187 @!@!@
@!@!@STARTMSG 2220:0 @!@!@
Starting SANY...
@!@!@ENDMSG 2220 @!@!@
Parsing file MC.tla
Parsing file RBSF.tla
Parsing file /Applications/TLA toolbox/plugins/org.lamport.tlatools_1.0.0.201302251534/tla2sany/StandardModules/TLC.tla
Parsing file /Applications/TLA toolbox/plugins/org.lamport.tlatools_1.0.0.201302251534/tla2sany/StandardModules/Naturals.tla
Parsing file /Applications/TLA toolbox/plugins/org.lamport.tlatools_1.0.0.201302251534/tla2sany/StandardModules/Sequences.tla
Parsing file /Applications/TLA toolbox/plugins/org.lamport.tlatools_1.0.0.201302251534/tla2sany/StandardModules/FiniteSets.tla
Semantic processing of module Naturals
Semantic processing of module Sequences
Semantic processing of module TLC
Semantic processing of module FiniteSets
Semantic processing of module RBSF
Semantic processing of module MC
@!@!@STARTMSG 2219:0 @!@!@
SANY finished.
@!@!@ENDMSG 2219 @!@!@
@!@!@STARTMSG 2185:0 @!@!@
Starting... (2014-04-25 17:28:11)
@!@!@ENDMSG 2185 @!@!@
@!@!@STARTMSG 1000:1 @!@!@
TLC threw an unexpected exception.
This was probably caused by an error in the spec or model.
See the User Output or TLC Console for clues to what happened.
The exception was a java.lang.RuntimeException: @!@!@STARTMSG 2241:0 @!@!@
The property BasicValidityv1 is not correctly defined.
@!@!@ENDMSG 2241 @!@!@
@!@!@ENDMSG 1000 @!@!@
@!@!@STARTMSG 2186:0 @!@!@
Finished. (2014-04-25 17:28:11)
@!@!@ENDMSG 2186 @!@!@
