@!@!@STARTMSG 2262:0 @!@!@
TLC2 Version 2.05 of 23 July 2013
@!@!@ENDMSG 2262 @!@!@
@!@!@STARTMSG 2187:0 @!@!@
Running in Model-Checking mode.
@!@!@ENDMSG 2187 @!@!@
@!@!@STARTMSG 2220:0 @!@!@
Starting SANY...
@!@!@ENDMSG 2220 @!@!@
Parsing file MC.tla
Parsing file RBSF.tla
Parsing file /Users/Suvidha/Desktop/Project/toolbox/plugins/org.lamport.tlatools_1.0.0.201403132202/tla2sany/StandardModules/TLC.tla
Parsing file /Users/Suvidha/Desktop/Project/toolbox/plugins/org.lamport.tlatools_1.0.0.201403132202/tla2sany/StandardModules/Naturals.tla
Parsing file /Users/Suvidha/Desktop/Project/toolbox/plugins/org.lamport.tlatools_1.0.0.201403132202/tla2sany/StandardModules/Sequences.tla
Parsing file /Users/Suvidha/Desktop/Project/toolbox/plugins/org.lamport.tlatools_1.0.0.201403132202/tla2sany/StandardModules/FiniteSets.tla
Semantic processing of module Naturals
Semantic processing of module Sequences
Semantic processing of module TLC
Semantic processing of module FiniteSets
Semantic processing of module RBSF
Semantic processing of module MC
@!@!@STARTMSG 2219:0 @!@!@
SANY finished.
@!@!@ENDMSG 2219 @!@!@
@!@!@STARTMSG 2185:0 @!@!@
Starting... (2014-04-23 09:24:57)
@!@!@ENDMSG 2185 @!@!@
@!@!@STARTMSG 2189:0 @!@!@
Computing initial states...
@!@!@ENDMSG 2189 @!@!@
@!@!@STARTMSG 2190:0 @!@!@
Finished computing initial states: 1 distinct state generated.
@!@!@ENDMSG 2190 @!@!@
"_____________________________________START............." \cup 1  TRUE
"Broadcast Start" \cup <<{}, {}, {}>>  TRUE
"Broadcast Start" \cup <<{}, {}, {[content |-> [content |-> "m1", sendId |-> 1]]}>>  TRUE
"Broadcast Start" \cup <<{}, {}, {[content |-> [content |-> "m1", sendId |-> 2]]}>>  TRUE
"Broadcast Start" \cup <<{}, {}, {[content |-> [content |-> "m1", sendId |-> 1]], [content |-> [content |-> "m1", sendId |-> 2]]}>>  TRUE
"Broadcast Start" \cup <<{}, {}, {[content |-> [content |-> "m1", sendId |-> 3]]}>>  TRUE
"Broadcast Start" \cup <<{}, {}, {[content |-> [content |-> "m1", sendId |-> 1]], [content |-> [content |-> "m1", sendId |-> 3]]}>>  TRUE
"Broadcast Start" \cup <<{}, {}, {[content |-> [content |-> "m1", sendId |-> 2]], [content |-> [content |-> "m1", sendId |-> 3]]}>>  TRUE
"Broadcast Start" \cup <<{}, {}, {[content |-> [content |-> "m1", sendId |-> 1]], [content |-> [content |-> "m1", sendId |-> 2]], [content |-> [content |-> "m1", sendId |-> 3]]}>>  TRUE
"Broadcast Start" \cup <<{}, {[content |-> [content |-> "m1", sendId |-> 1]]}, {}>>  TRUE
"Broadcast Start" \cup <<{}, {[content |-> [content |-> "m1", sendId |-> 1]]}, {[content |-> [content |-> "m1", sendId |-> 1]]}>>  TRUE
"Broadcast Start" \cup <<{}, {[content |-> [content |-> "m1", sendId |-> 1]]}, {[content |-> [content |-> "m1", sendId |-> 2]]}>>  TRUE
"Broadcast Start" \cup <<{}, {[content |-> [content |-> "m1", sendId |-> 1]]}, {[content |-> [content |-> "m1", sendId |-> 1]], [content |-> [content |-> "m1", sendId |-> 2]]}>>  TRUE
"Broadcast Start" \cup <<{}, {[content |-> [content |-> "m1", sendId |-> 1]]}, {[content |-> [content |-> "m1", sendId |-> 3]]}>>  TRUE
"Broadcast Start" \cup <<{}, {[content |-> [content |-> "m1", sendId |-> 1]]}, {[content |-> [content |-> "m1", sendId |-> 1]], [content |-> [content |-> "m1", sendId |-> 3]]}>>  TRUE
"Broadcast Start" \cup <<{}, {[content |-> [content |-> "m1", sendId |-> 1]]}, {[content |-> [content |-> "m1", sendId |-> 2]], [content |-> [content |-> "m1", sendId |-> 3]]}>>  TRUE
"Broadcast Start" \cup <<{}, {[content |-> [content |-> "m1", sendId |-> 1]]}, {[content |-> [content |-> "m1", sendId |-> 1]], [content |-> [content |-> "m1", sendId |-> 2]], [content |-> [content |-> "m1", sendId |-> 3]]}>>  TRUE
"Broadcast Start" \cup <<{}, {[content |-> [content |-> "m1", sendId |-> 2]]}, {}>>  TRUE
"Broadcast Start" \cup <<{}, {[content |-> [content |-> "m1", sendId |-> 2]]}, {[content |-> [content |-> "m1", sendId |-> 1]]}>>  TRUE
"Broadcast Start" \cup <<{}, {[content |-> [content |-> "m1", sendId |-> 2]]}, {[content |-> [content |-> "m1", sendId |-> 2]]}>>  TRUE
"Broadcast Start" \cup <<{}, {[content |-> [content |-> "m1", sendId |-> 2]]}, {[content |-> [content |-> "m1", sendId |-> 1]], [content |-> [content |-> "m1", sendId |-> 2]]}>>  TRUE
"Broadcast Start" \cup <<{}, {[content |-> [content |-> "m1", sendId |-> 2]]}, {[content |-> [content |-> "m1", sendId |-> 3]]}>>  TRUE
"Broadcast Start" \cup <<{}, {[content |-> [content |-> "m1", sendId |-> 2]]}, {[content |-> [content |-> "m1", sendId |-> 1]], [content |-> [content |-> "m1", sendId |-> 3]]}>>  TRUE
"Broadcast Start" \cup <<{}, {[content |-> [content |-> "m1", sendId |-> 2]]}, {[content |-> [content |-> "m1", sendId |-> 2]], [content |-> [content |-> "m1", sendId |-> 3]]}>>  TRUE
"Broadcast Start" \cup <<{}, {[content |-> [content |-> "m1", sendId |-> 2]]}, {[content |-> [content |-> "m1", sendId |-> 1]], [content |-> [content |-> "m1", sendId |-> 2]], [content |-> [content |-> "m1", sendId |-> 3]]}>>  TRUE
"Broadcast Start" \cup <<{}, {[content |-> [content |-> "m1", sendId |-> 1]], [content |-> [content |-> "m1", sendId |-> 2]]}, {}>>  TRUE
"Broadcast Start" \cup <<{}, {[content |-> [content |-> "m1", sendId |-> 1]], [content |-> [content |-> "m1", sendId |-> 2]]}, {[content |-> [content |-> "m1", sendId |-> 1]]}>>  TRUE
"Broadcast Start" \cup <<{}, {[content |-> [content |-> "m1", sendId |-> 1]], [content |-> [content |-> "m1", sendId |-> 2]]}, {[content |-> [content |-> "m1", sendId |-> 2]]}>>  TRUE
"Broadcast Start" \cup <<{}, {[content |-> [content |-> "m1", sendId |-> 1]], [content |-> [content |-> "m1", sendId |-> 2]]}, {[content |-> [content |-> "m1", sendId |-> 1]], [content |-> [content |-> "m1", sendId |-> 2]]}>>  TRUE
"Broadcast Start" \cup <<{}, {[content |-> [content |-> "m1", sendId |-> 1]], [content |-> [content |-> "m1", sendId |-> 2]]}, {[content |-> [content |-> "m1", sendId |-> 3]]}>>  TRUE
"Broadcast Start" \cup <<{}, {[content |-> [content |-> "m1", sendId |-> 1]], [content |-> [content |-> "m1", sendId |-> 2]]}, {[content |-> [content |-> "m1", sendId |-> 1]], [content |-> [content |-> "m1", sendId |-> 3]]}>>  TRUE
"Broadcast Start" \cup <<{}, {[content |-> [content |-> "m1", sendId |-> 1]], [content |-> [content |-> "m1", sendId |-> 2]]}, {[content |-> [content |-> "m1", sendId |-> 2]], [content |-> [content |-> "m1", sendId |-> 3]]}>>  TRUE
"Broadcast Start" \cup <<{}, {[content |-> [content |-> "m1", sendId |-> 1]], [content |-> [content |-> "m1", sendId |-> 2]]}, {[content |-> [content |-> "m1", sendId |-> 1]], [content |-> [content |-> "m1", sendId |-> 2]], [content |-> [content |-> "m1", sendId |-> 3]]}>>  TRUE
"Broadcast Start" \cup <<{}, {[content |-> [content |-> "m1", sendId |-> 3]]}, {}>>  TRUE
"Broadcast Start" \cup <<{}, {[content |-> [content |-> "m1", sendId |-> 3]]}, {[content |-> [content |-> "m1", sendId |-> 1]]}>>  TRUE
"Broadcast Start" \cup <<{}, {[content |-> [content |-> "m1", sendId |-> 3]]}, {[content |-> [content |-> "m1", sendId |-> 2]]}>>  TRUE
"Broadcast Start" \cup <<{}, {[content |-> [content |-> "m1", sendId |-> 3]]}, {[content |-> [content |-> "m1", sendId |-> 1]], [content |-> [content |-> "m1", sendId |-> 2]]}>>  TRUE
"Broadcast Start" \cup <<{}, {[content |-> [content |-> "m1", sendId |-> 3]]}, {[content |-> [content |-> "m1", sendId |-> 3]]}>>  TRUE
"Broadcast Start" \cup <<{}, {[content |-> [content |-> "m1", sendId |-> 3]]}, {[content |-> [content |-> "m1", sendId |-> 1]], [content |-> [content |-> "m1", sendId |-> 3]]}>>  TRUE
"Broadcast Start" \cup <<{}, {[content |-> [content |-> "m1", sendId |-> 3]]}, {[content |-> [content |-> "m1", sendId |-> 2]], [content |-> [content |-> "m1", sendId |-> 3]]}>>  TRUE
"Broadcast Start" \cup <<{}, {[content |-> [content |-> "m1", sendId |-> 3]]}, {[content |-> [content |-> "m1", sendId |-> 1]], [content |-> [content |-> "m1", sendId |-> 2]], [content |-> [content |-> "m1", sendId |-> 3]]}>>  TRUE
"Broadcast Start" \cup <<{}, {[content |-> [content |-> "m1", sendId |-> 1]], [content |-> [content |-> "m1", sendId |-> 3]]}, {}>>  TRUE
"Broadcast Start" \cup <<{}, {[content |-> [content |-> "m1", sendId |-> 1]], [content |-> [content |-> "m1", sendId |-> 3]]}, {[content |-> [content |-> "m1", sendId |-> 1]]}>>  TRUE
"Broadcast Start" \cup <<{}, {[content |-> [content |-> "m1", sendId |-> 1]], [content |-> [content |-> "m1", sendId |-> 3]]}, {[content |-> [content |-> "m1", sendId |-> 2]]}>>  TRUE
"Broadcast Start" \cup <<{}, {[content |-> [content |-> "m1", sendId |-> 1]], [content |-> [content |-> "m1", sendId |-> 3]]}, {[content |-> [content |-> "m1", sendId |-> 1]], [content |-> [content |-> "m1", sendId |-> 2]]}>>  TRUE
"Broadcast Start" \cup <<{}, {[content |-> [content |-> "m1", sendId |-> 1]], [content |-> [content |-> "m1", sendId |-> 3]]}, {[content |-> [content |-> "m1", sendId |-> 3]]}>>  TRUE
"Broadcast Start" \cup <<{}, {[content |-> [content |-> "m1", sendId |-> 1]], [content |-> [content |-> "m1", sendId |-> 3]]}, {[content |-> [content |-> "m1", sendId |-> 1]], [content |-> [content |-> "m1", sendId |-> 3]]}>>  TRUE
"Broadcast Start" \cup <<{}, {[content |-> [content |-> "m1", sendId |-> 1]], [content |-> [content |-> "m1", sendId |-> 3]]}, {[content |-> [content |-> "m1", sendId |-> 2]], [content |-> [content |-> "m1", sendId |-> 3]]}>>  TRUE
"Broadcast Start" \cup <<{}, {[content |-> [content |-> "m1", sendId |-> 1]], [content |-> [content |-> "m1", sendId |-> 3]]}, {[content |-> [content |-> "m1", sendId |-> 1]], [content |-> [content |-> "m1", sendId |-> 2]], [content |-> [content |-> "m1", sendId |-> 3]]}>>  TRUE
"Broadcast Start" \cup <<{}, {[content |-> [content |-> "m1", sendId |-> 2]], [content |-> [content |-> "m1", sendId |-> 3]]}, {}>>  TRUE
"Broadcast Start" \cup <<{}, {[content |-> [content |-> "m1", sendId |-> 2]], [content |-> [content |-> "m1", sendId |-> 3]]}, {[content |-> [content |-> "m1", sendId |-> 1]]}>>  TRUE
"Broadcast Start" \cup <<{}, {[content |-> [content |-> "m1", sendId |-> 2]], [content |-> [content |-> "m1", sendId |-> 3]]}, {[content |-> [content |-> "m1", sendId |-> 2]]}>>  TRUE
"Broadcast Start" \cup <<{}, {[content |-> [content |-> "m1", sendId |-> 2]], [content |-> [content |-> "m1", sendId |-> 3]]}, {[content |-> [content |-> "m1", sendId |-> 1]], [content |-> [content |-> "m1", sendId |-> 2]]}>>  TRUE
"Broadcast Start" \cup <<{}, {[content |-> [content |-> "m1", sendId |-> 2]], [content |-> [content |-> "m1", sendId |-> 3]]}, {[content |-> [content |-> "m1", sendId |-> 3]]}>>  TRUE
"Broadcast Start" \cup <<{}, {[content |-> [content |-> "m1", sendId |-> 2]], [content |-> [content |-> "m1", sendId |-> 3]]}, {[content |-> [content |-> "m1", sendId |-> 1]], [content |-> [content |-> "m1", sendId |-> 3]]}>>  TRUE
"Broadcast Start" \cup <<{}, {[content |-> [content |-> "m1", sendId |-> 2]], [content |-> [content |-> "m1", sendId |-> 3]]}, {[content |-> [content |-> "m1", sendId |-> 2]], [content |-> [content |-> "m1", sendId |-> 3]]}>>  TRUE
"Broadcast Start" \cup <<{}, {[content |-> [content |-> "m1", sendId |-> 2]], [content |-> [content |-> "m1", sendId |-> 3]]}, {[content |-> [content |-> "m1", sendId |-> 1]], [content |-> [content |-> "m1", sendId |-> 2]], [content |-> [content |-> "m1", sendId |-> 3]]}>>  TRUE
"Broadcast Start" \cup <<{}, {[content |-> [content |-> "m1", sendId |-> 1]], [content |-> [content |-> "m1", sendId |-> 2]], [content |-> [content |-> "m1", sendId |-> 3]]}, {}>>  TRUE
"Broadcast Start" \cup <<{}, {[content |-> [content |-> "m1", sendId |-> 1]], [content |-> [content |-> "m1", sendId |-> 2]], [content |-> [content |-> "m1", sendId |-> 3]]}, {[content |-> [content |-> "m1", sendId |-> 1]]}>>  TRUE
"Broadcast Start" \cup <<{}, {[content |-> [content |-> "m1", sendId |-> 1]], [content |-> [content |-> "m1", sendId |-> 2]], [content |-> [content |-> "m1", sendId |-> 3]]}, {[content |-> [content |-> "m1", sendId |-> 2]]}>>  TRUE
"Broadcast Start" \cup <<{}, {[content |-> [content |-> "m1", sendId |-> 1]], [content |-> [content |-> "m1", sendId |-> 2]], [content |-> [content |-> "m1", sendId |-> 3]]}, {[content |-> [content |-> "m1", sendId |-> 1]], [content |-> [content |-> "m1", sendId |-> 2]]}>>  TRUE
"Broadcast Start" \cup <<{}, {[content |-> [content |-> "m1", sendId |-> 1]], [content |-> [content |-> "m1", sendId |-> 2]], [content |-> [content |-> "m1", sendId |-> 3]]}, {[content |-> [content |-> "m1", sendId |-> 3]]}>>  TRUE
"Broadcast Start" \cup <<{}, {[content |-> [content |-> "m1", sendId |-> 1]], [content |-> [content |-> "m1", sendId |-> 2]], [content |-> [content |-> "m1", sendId |-> 3]]}, {[content |-> [content |-> "m1", sendId |-> 1]], [content |-> [content |-> "m1", sendId |-> 3]]}>>  TRUE
"Broadcast Start" \cup <<{}, {[content |-> [content |-> "m1", sendId |-> 1]], [content |-> [content |-> "m1", sendId |-> 2]], [content |-> [content |-> "m1", sendId |-> 3]]}, {[content |-> [content |-> "m1", sendId |-> 2]], [content |-> [content |-> "m1", sendId |-> 3]]}>>  TRUE
"Broadcast Start" \cup <<{}, {[content |-> [content |-> "m1", sendId |-> 1]], [content |-> [content |-> "m1", sendId |-> 2]], [content |-> [content |-> "m1", sendId |-> 3]]}, {[content |-> [content |-> "m1", sendId |-> 1]], [content |-> [content |-> "m1", sendId |-> 2]], [content |-> [content |-> "m1", sendId |-> 3]]}>>  TRUE
"Broadcast Start" \cup <<{[content |-> [content |-> "m1", sendId |-> 1]]}, {}, {}>>  TRUE
@!@!@STARTMSG 1000:1 @!@!@
TLC threw an unexpected exception.
This was probably caused by an error in the spec or model.
See the User Output or TLC Console for clues to what happened.
The exception was a java.lang.RuntimeException: Attempted to check equality of record:
[content |-> "m1", sendId |-> 1]
with non-record
"m1"
@!@!@ENDMSG 1000 @!@!@
@!@!@STARTMSG 2121:1 @!@!@
The behavior up to this point is:
@!@!@ENDMSG 2121 @!@!@
@!@!@STARTMSG 2217:4 @!@!@
1: <Initial predicate>
/\ seqNoQ = <<0, 0, 0>>
/\ rcQ = <<{}, {}, {}>>
/\ delSet = <<{}, {}, {}>>
/\ rbQ = <<<<>>, <<>>, <<>>>>

@!@!@ENDMSG 2217 @!@!@
"_____________________________________START............." \cup 1  TRUE
"Broadcast Start" \cup <<{}, {}, {}>>  TRUE
"Broadcast Start" \cup <<{}, {}, {[content |-> [content |-> "m1", sendId |-> 1]]}>>  TRUE
"Broadcast Start" \cup <<{}, {}, {[content |-> [content |-> "m1", sendId |-> 2]]}>>  TRUE
"Broadcast Start" \cup <<{}, {}, {[content |-> [content |-> "m1", sendId |-> 1]], [content |-> [content |-> "m1", sendId |-> 2]]}>>  TRUE
"Broadcast Start" \cup <<{}, {}, {[content |-> [content |-> "m1", sendId |-> 3]]}>>  TRUE
"Broadcast Start" \cup <<{}, {}, {[content |-> [content |-> "m1", sendId |-> 1]], [content |-> [content |-> "m1", sendId |-> 3]]}>>  TRUE
"Broadcast Start" \cup <<{}, {}, {[content |-> [content |-> "m1", sendId |-> 2]], [content |-> [content |-> "m1", sendId |-> 3]]}>>  TRUE
"Broadcast Start" \cup <<{}, {}, {[content |-> [content |-> "m1", sendId |-> 1]], [content |-> [content |-> "m1", sendId |-> 2]], [content |-> [content |-> "m1", sendId |-> 3]]}>>  TRUE
"Broadcast Start" \cup <<{}, {[content |-> [content |-> "m1", sendId |-> 1]]}, {}>>  TRUE
"Broadcast Start" \cup <<{}, {[content |-> [content |-> "m1", sendId |-> 1]]}, {[content |-> [content |-> "m1", sendId |-> 1]]}>>  TRUE
"Broadcast Start" \cup <<{}, {[content |-> [content |-> "m1", sendId |-> 1]]}, {[content |-> [content |-> "m1", sendId |-> 2]]}>>  TRUE
"Broadcast Start" \cup <<{}, {[content |-> [content |-> "m1", sendId |-> 1]]}, {[content |-> [content |-> "m1", sendId |-> 1]], [content |-> [content |-> "m1", sendId |-> 2]]}>>  TRUE
"Broadcast Start" \cup <<{}, {[content |-> [content |-> "m1", sendId |-> 1]]}, {[content |-> [content |-> "m1", sendId |-> 3]]}>>  TRUE
"Broadcast Start" \cup <<{}, {[content |-> [content |-> "m1", sendId |-> 1]]}, {[content |-> [content |-> "m1", sendId |-> 1]], [content |-> [content |-> "m1", sendId |-> 3]]}>>  TRUE
"Broadcast Start" \cup <<{}, {[content |-> [content |-> "m1", sendId |-> 1]]}, {[content |-> [content |-> "m1", sendId |-> 2]], [content |-> [content |-> "m1", sendId |-> 3]]}>>  TRUE
"Broadcast Start" \cup <<{}, {[content |-> [content |-> "m1", sendId |-> 1]]}, {[content |-> [content |-> "m1", sendId |-> 1]], [content |-> [content |-> "m1", sendId |-> 2]], [content |-> [content |-> "m1", sendId |-> 3]]}>>  TRUE
"Broadcast Start" \cup <<{}, {[content |-> [content |-> "m1", sendId |-> 2]]}, {}>>  TRUE
"Broadcast Start" \cup <<{}, {[content |-> [content |-> "m1", sendId |-> 2]]}, {[content |-> [content |-> "m1", sendId |-> 1]]}>>  TRUE
"Broadcast Start" \cup <<{}, {[content |-> [content |-> "m1", sendId |-> 2]]}, {[content |-> [content |-> "m1", sendId |-> 2]]}>>  TRUE
"Broadcast Start" \cup <<{}, {[content |-> [content |-> "m1", sendId |-> 2]]}, {[content |-> [content |-> "m1", sendId |-> 1]], [content |-> [content |-> "m1", sendId |-> 2]]}>>  TRUE
"Broadcast Start" \cup <<{}, {[content |-> [content |-> "m1", sendId |-> 2]]}, {[content |-> [content |-> "m1", sendId |-> 3]]}>>  TRUE
"Broadcast Start" \cup <<{}, {[content |-> [content |-> "m1", sendId |-> 2]]}, {[content |-> [content |-> "m1", sendId |-> 1]], [content |-> [content |-> "m1", sendId |-> 3]]}>>  TRUE
"Broadcast Start" \cup <<{}, {[content |-> [content |-> "m1", sendId |-> 2]]}, {[content |-> [content |-> "m1", sendId |-> 2]], [content |-> [content |-> "m1", sendId |-> 3]]}>>  TRUE
"Broadcast Start" \cup <<{}, {[content |-> [content |-> "m1", sendId |-> 2]]}, {[content |-> [content |-> "m1", sendId |-> 1]], [content |-> [content |-> "m1", sendId |-> 2]], [content |-> [content |-> "m1", sendId |-> 3]]}>>  TRUE
"Broadcast Start" \cup <<{}, {[content |-> [content |-> "m1", sendId |-> 1]], [content |-> [content |-> "m1", sendId |-> 2]]}, {}>>  TRUE
"Broadcast Start" \cup <<{}, {[content |-> [content |-> "m1", sendId |-> 1]], [content |-> [content |-> "m1", sendId |-> 2]]}, {[content |-> [content |-> "m1", sendId |-> 1]]}>>  TRUE
"Broadcast Start" \cup <<{}, {[content |-> [content |-> "m1", sendId |-> 1]], [content |-> [content |-> "m1", sendId |-> 2]]}, {[content |-> [content |-> "m1", sendId |-> 2]]}>>  TRUE
"Broadcast Start" \cup <<{}, {[content |-> [content |-> "m1", sendId |-> 1]], [content |-> [content |-> "m1", sendId |-> 2]]}, {[content |-> [content |-> "m1", sendId |-> 1]], [content |-> [content |-> "m1", sendId |-> 2]]}>>  TRUE
"Broadcast Start" \cup <<{}, {[content |-> [content |-> "m1", sendId |-> 1]], [content |-> [content |-> "m1", sendId |-> 2]]}, {[content |-> [content |-> "m1", sendId |-> 3]]}>>  TRUE
"Broadcast Start" \cup <<{}, {[content |-> [content |-> "m1", sendId |-> 1]], [content |-> [content |-> "m1", sendId |-> 2]]}, {[content |-> [content |-> "m1", sendId |-> 1]], [content |-> [content |-> "m1", sendId |-> 3]]}>>  TRUE
"Broadcast Start" \cup <<{}, {[content |-> [content |-> "m1", sendId |-> 1]], [content |-> [content |-> "m1", sendId |-> 2]]}, {[content |-> [content |-> "m1", sendId |-> 2]], [content |-> [content |-> "m1", sendId |-> 3]]}>>  TRUE
"Broadcast Start" \cup <<{}, {[content |-> [content |-> "m1", sendId |-> 1]], [content |-> [content |-> "m1", sendId |-> 2]]}, {[content |-> [content |-> "m1", sendId |-> 1]], [content |-> [content |-> "m1", sendId |-> 2]], [content |-> [content |-> "m1", sendId |-> 3]]}>>  TRUE
"Broadcast Start" \cup <<{}, {[content |-> [content |-> "m1", sendId |-> 3]]}, {}>>  TRUE
"Broadcast Start" \cup <<{}, {[content |-> [content |-> "m1", sendId |-> 3]]}, {[content |-> [content |-> "m1", sendId |-> 1]]}>>  TRUE
"Broadcast Start" \cup <<{}, {[content |-> [content |-> "m1", sendId |-> 3]]}, {[content |-> [content |-> "m1", sendId |-> 2]]}>>  TRUE
"Broadcast Start" \cup <<{}, {[content |-> [content |-> "m1", sendId |-> 3]]}, {[content |-> [content |-> "m1", sendId |-> 1]], [content |-> [content |-> "m1", sendId |-> 2]]}>>  TRUE
"Broadcast Start" \cup <<{}, {[content |-> [content |-> "m1", sendId |-> 3]]}, {[content |-> [content |-> "m1", sendId |-> 3]]}>>  TRUE
"Broadcast Start" \cup <<{}, {[content |-> [content |-> "m1", sendId |-> 3]]}, {[content |-> [content |-> "m1", sendId |-> 1]], [content |-> [content |-> "m1", sendId |-> 3]]}>>  TRUE
"Broadcast Start" \cup <<{}, {[content |-> [content |-> "m1", sendId |-> 3]]}, {[content |-> [content |-> "m1", sendId |-> 2]], [content |-> [content |-> "m1", sendId |-> 3]]}>>  TRUE
"Broadcast Start" \cup <<{}, {[content |-> [content |-> "m1", sendId |-> 3]]}, {[content |-> [content |-> "m1", sendId |-> 1]], [content |-> [content |-> "m1", sendId |-> 2]], [content |-> [content |-> "m1", sendId |-> 3]]}>>  TRUE
"Broadcast Start" \cup <<{}, {[content |-> [content |-> "m1", sendId |-> 1]], [content |-> [content |-> "m1", sendId |-> 3]]}, {}>>  TRUE
"Broadcast Start" \cup <<{}, {[content |-> [content |-> "m1", sendId |-> 1]], [content |-> [content |-> "m1", sendId |-> 3]]}, {[content |-> [content |-> "m1", sendId |-> 1]]}>>  TRUE
"Broadcast Start" \cup <<{}, {[content |-> [content |-> "m1", sendId |-> 1]], [content |-> [content |-> "m1", sendId |-> 3]]}, {[content |-> [content |-> "m1", sendId |-> 2]]}>>  TRUE
"Broadcast Start" \cup <<{}, {[content |-> [content |-> "m1", sendId |-> 1]], [content |-> [content |-> "m1", sendId |-> 3]]}, {[content |-> [content |-> "m1", sendId |-> 1]], [content |-> [content |-> "m1", sendId |-> 2]]}>>  TRUE
"Broadcast Start" \cup <<{}, {[content |-> [content |-> "m1", sendId |-> 1]], [content |-> [content |-> "m1", sendId |-> 3]]}, {[content |-> [content |-> "m1", sendId |-> 3]]}>>  TRUE
"Broadcast Start" \cup <<{}, {[content |-> [content |-> "m1", sendId |-> 1]], [content |-> [content |-> "m1", sendId |-> 3]]}, {[content |-> [content |-> "m1", sendId |-> 1]], [content |-> [content |-> "m1", sendId |-> 3]]}>>  TRUE
"Broadcast Start" \cup <<{}, {[content |-> [content |-> "m1", sendId |-> 1]], [content |-> [content |-> "m1", sendId |-> 3]]}, {[content |-> [content |-> "m1", sendId |-> 2]], [content |-> [content |-> "m1", sendId |-> 3]]}>>  TRUE
"Broadcast Start" \cup <<{}, {[content |-> [content |-> "m1", sendId |-> 1]], [content |-> [content |-> "m1", sendId |-> 3]]}, {[content |-> [content |-> "m1", sendId |-> 1]], [content |-> [content |-> "m1", sendId |-> 2]], [content |-> [content |-> "m1", sendId |-> 3]]}>>  TRUE
"Broadcast Start" \cup <<{}, {[content |-> [content |-> "m1", sendId |-> 2]], [content |-> [content |-> "m1", sendId |-> 3]]}, {}>>  TRUE
"Broadcast Start" \cup <<{}, {[content |-> [content |-> "m1", sendId |-> 2]], [content |-> [content |-> "m1", sendId |-> 3]]}, {[content |-> [content |-> "m1", sendId |-> 1]]}>>  TRUE
"Broadcast Start" \cup <<{}, {[content |-> [content |-> "m1", sendId |-> 2]], [content |-> [content |-> "m1", sendId |-> 3]]}, {[content |-> [content |-> "m1", sendId |-> 2]]}>>  TRUE
"Broadcast Start" \cup <<{}, {[content |-> [content |-> "m1", sendId |-> 2]], [content |-> [content |-> "m1", sendId |-> 3]]}, {[content |-> [content |-> "m1", sendId |-> 1]], [content |-> [content |-> "m1", sendId |-> 2]]}>>  TRUE
"Broadcast Start" \cup <<{}, {[content |-> [content |-> "m1", sendId |-> 2]], [content |-> [content |-> "m1", sendId |-> 3]]}, {[content |-> [content |-> "m1", sendId |-> 3]]}>>  TRUE
"Broadcast Start" \cup <<{}, {[content |-> [content |-> "m1", sendId |-> 2]], [content |-> [content |-> "m1", sendId |-> 3]]}, {[content |-> [content |-> "m1", sendId |-> 1]], [content |-> [content |-> "m1", sendId |-> 3]]}>>  TRUE
"Broadcast Start" \cup <<{}, {[content |-> [content |-> "m1", sendId |-> 2]], [content |-> [content |-> "m1", sendId |-> 3]]}, {[content |-> [content |-> "m1", sendId |-> 2]], [content |-> [content |-> "m1", sendId |-> 3]]}>>  TRUE
"Broadcast Start" \cup <<{}, {[content |-> [content |-> "m1", sendId |-> 2]], [content |-> [content |-> "m1", sendId |-> 3]]}, {[content |-> [content |-> "m1", sendId |-> 1]], [content |-> [content |-> "m1", sendId |-> 2]], [content |-> [content |-> "m1", sendId |-> 3]]}>>  TRUE
"Broadcast Start" \cup <<{}, {[content |-> [content |-> "m1", sendId |-> 1]], [content |-> [content |-> "m1", sendId |-> 2]], [content |-> [content |-> "m1", sendId |-> 3]]}, {}>>  TRUE
"Broadcast Start" \cup <<{}, {[content |-> [content |-> "m1", sendId |-> 1]], [content |-> [content |-> "m1", sendId |-> 2]], [content |-> [content |-> "m1", sendId |-> 3]]}, {[content |-> [content |-> "m1", sendId |-> 1]]}>>  TRUE
"Broadcast Start" \cup <<{}, {[content |-> [content |-> "m1", sendId |-> 1]], [content |-> [content |-> "m1", sendId |-> 2]], [content |-> [content |-> "m1", sendId |-> 3]]}, {[content |-> [content |-> "m1", sendId |-> 2]]}>>  TRUE
"Broadcast Start" \cup <<{}, {[content |-> [content |-> "m1", sendId |-> 1]], [content |-> [content |-> "m1", sendId |-> 2]], [content |-> [content |-> "m1", sendId |-> 3]]}, {[content |-> [content |-> "m1", sendId |-> 1]], [content |-> [content |-> "m1", sendId |-> 2]]}>>  TRUE
"Broadcast Start" \cup <<{}, {[content |-> [content |-> "m1", sendId |-> 1]], [content |-> [content |-> "m1", sendId |-> 2]], [content |-> [content |-> "m1", sendId |-> 3]]}, {[content |-> [content |-> "m1", sendId |-> 3]]}>>  TRUE
"Broadcast Start" \cup <<{}, {[content |-> [content |-> "m1", sendId |-> 1]], [content |-> [content |-> "m1", sendId |-> 2]], [content |-> [content |-> "m1", sendId |-> 3]]}, {[content |-> [content |-> "m1", sendId |-> 1]], [content |-> [content |-> "m1", sendId |-> 3]]}>>  TRUE
"Broadcast Start" \cup <<{}, {[content |-> [content |-> "m1", sendId |-> 1]], [content |-> [content |-> "m1", sendId |-> 2]], [content |-> [content |-> "m1", sendId |-> 3]]}, {[content |-> [content |-> "m1", sendId |-> 2]], [content |-> [content |-> "m1", sendId |-> 3]]}>>  TRUE
"Broadcast Start" \cup <<{}, {[content |-> [content |-> "m1", sendId |-> 1]], [content |-> [content |-> "m1", sendId |-> 2]], [content |-> [content |-> "m1", sendId |-> 3]]}, {[content |-> [content |-> "m1", sendId |-> 1]], [content |-> [content |-> "m1", sendId |-> 2]], [content |-> [content |-> "m1", sendId |-> 3]]}>>  TRUE
"Broadcast Start" \cup <<{[content |-> [content |-> "m1", sendId |-> 1]]}, {}, {}>>  TRUE
@!@!@STARTMSG 2103:1 @!@!@
The error occurred when TLC was evaluating the nested
expressions at the following positions:
0. Line 62, column 25 to line 69, column 62 in RBSF
1. Line 62, column 25 to line 67, column 66 in RBSF
2. Line 62, column 25 to line 66, column 64 in RBSF
3. Line 62, column 25 to line 65, column 44 in RBSF
4. Line 62, column 25 to line 64, column 43 in RBSF
5. Line 62, column 25 to line 63, column 41 in RBSF
6. Line 62, column 25 to line 62, column 104 in RBSF
7. Line 62, column 28 to line 62, column 104 in RBSF
8. Line 62, column 31 to line 62, column 104 in RBSF
9. Line 63, column 27 to line 63, column 41 in RBSF
10. Line 64, column 27 to line 64, column 43 in RBSF
11. Line 65, column 27 to line 65, column 44 in RBSF
12. Line 66, column 27 to line 66, column 64 in RBSF
13. Line 67, column 28 to line 67, column 66 in RBSF
14. Line 69, column 27 to line 69, column 62 in RBSF
15. Line 73, column 26 to line 76, column 50 in RBSF
16. Line 73, column 48 to line 74, column 69 in RBSF
17. Line 73, column 48 to line 73, column 88 in RBSF


@!@!@ENDMSG 2103 @!@!@
@!@!@STARTMSG 2201:0 @!@!@
The coverage statistics at 2014-04-23 09:24:57
@!@!@ENDMSG 2201 @!@!@
@!@!@STARTMSG 2221:0 @!@!@
  line 66, col 27 to line 66, col 64 of module RBSF: 0
@!@!@ENDMSG 2221 @!@!@
@!@!@STARTMSG 2221:0 @!@!@
  line 67, col 28 to line 67, col 66 of module RBSF: 0
@!@!@ENDMSG 2221 @!@!@
@!@!@STARTMSG 2221:0 @!@!@
  line 76, col 39 to line 76, col 41 of module RBSF: 0
@!@!@ENDMSG 2221 @!@!@
@!@!@STARTMSG 2221:0 @!@!@
  line 76, col 43 to line 76, col 48 of module RBSF: 0
@!@!@ENDMSG 2221 @!@!@
@!@!@STARTMSG 2202:0 @!@!@
End of statistics.
@!@!@ENDMSG 2202 @!@!@
@!@!@STARTMSG 2200:0 @!@!@
Progress(1) at 2014-04-23 09:24:57: 1 states generated (454 s/min), 1 distinct states found (454 ds/min), 0 states left on queue.
@!@!@ENDMSG 2200 @!@!@
@!@!@STARTMSG 2199:0 @!@!@
1 states generated, 1 distinct states found, 0 states left on queue.
@!@!@ENDMSG 2199 @!@!@
@!@!@STARTMSG 2194:0 @!@!@
The depth of the complete state graph search is 1.
@!@!@ENDMSG 2194 @!@!@
@!@!@STARTMSG 2186:0 @!@!@
Finished. (2014-04-23 09:24:57)
@!@!@ENDMSG 2186 @!@!@
